[INFO] Scanning for projects...
[INFO] 
[INFO] --------------------< cub.ret.tru:batch-log-system >--------------------
[INFO] Building Spring Batch Log System 1.0.0
[INFO]   from pom.xml
[INFO] --------------------------------[ jar ]---------------------------------
[INFO] 
[INFO] >>> spring-boot:3.2.0:run (default-cli) > test-compile @ batch-log-system >>>
[INFO] 
[INFO] --- resources:3.3.1:resources (default-resources) @ batch-log-system ---
[INFO] Copying 1 resource from src/main/resources to target/classes
[INFO] Copying 2 resources from src/main/resources to target/classes
[INFO] 
[INFO] --- compiler:3.11.0:compile (default-compile) @ batch-log-system ---
[INFO] Nothing to compile - all classes are up to date
[INFO] 
[INFO] --- resources:3.3.1:testResources (default-testResources) @ batch-log-system ---
[INFO] skip non existing resourceDirectory /Users/audi/Downloads/log/src/test/resources
[INFO] 
[INFO] --- compiler:3.11.0:testCompile (default-testCompile) @ batch-log-system ---
[INFO] No sources to compile
[INFO] 
[INFO] <<< spring-boot:3.2.0:run (default-cli) < test-compile @ batch-log-system <<<
[INFO] 
[INFO] 
[INFO] --- spring-boot:3.2.0:run (default-cli) @ batch-log-system ---
[INFO] Attaching agents: []
ERROR StatusConsoleListener Appenders contains an invalid element or attribute "DatabaseAppender"
ERROR StatusConsoleListener Unable to locate appender "DatabaseAppender" for logger config "org.springframework.batch"
ERROR StatusConsoleListener Unable to locate appender "DatabaseAppender" for logger config "cub.ret.tru"
ERROR StatusConsoleListener Appenders contains an invalid element or attribute "DatabaseAppender"
ERROR StatusConsoleListener Unable to locate appender "DatabaseAppender" for logger config "org.springframework.batch"
ERROR StatusConsoleListener Unable to locate appender "DatabaseAppender" for logger config "cub.ret.tru"

  .   ____          _            __ _ _
 /\\ / ___'_ __ _ _(_)_ __  __ _ \ \ \ \
( ( )\___ | '_ | '_| | '_ \/ _` | \ \ \ \
 \\/  ___)| |_)| | | | | || (_| |  ) ) ) )
  '  |____| .__|_| |_|_| |_\__, | / / / /
 =========|_|==============|___/=/_/_/_/
[32m :: Spring Boot :: [39m              [2m (v3.2.0)[0;39m

2025-05-23 06:08:45.221 [main] INFO  cub.ret.tru.BatchLogSystemApplication [] [] [] - Starting BatchLogSystemApplication using Java 23.0.2 with PID 67425 (/Users/audi/Downloads/log/target/classes started by audi in /Users/audi/Downloads/log)
2025-05-23 06:08:45.223 [main] DEBUG cub.ret.tru.BatchLogSystemApplication [] [] [] - Running with Spring Boot v3.2.0, Spring v6.1.1
2025-05-23 06:08:45.223 [main] INFO  cub.ret.tru.BatchLogSystemApplication [] [] [] - No active profile set, falling back to 1 default profile: "default"
2025-05-23 06:08:45.348 [main] INFO  org.springframework.batch.core.configuration.annotation.BatchRegistrar [] [] [] - Finished Spring Batch infrastructure beans configuration in 1 ms.
2025-05-23 06:08:45.406 [main] INFO  org.springframework.data.repository.config.RepositoryConfigurationDelegate [] [] [] - Bootstrapping Spring Data JPA repositories in DEFAULT mode.
2025-05-23 06:08:45.424 [main] INFO  org.springframework.data.repository.config.RepositoryConfigurationDelegate [] [] [] - Finished Spring Data repository scanning in 15 ms. Found 1 JPA repository interface.
2025-05-23 06:08:45.504 [main] WARN  org.springframework.context.support.PostProcessorRegistrationDelegate$BeanPostProcessorChecker [] [] [] - Bean 'jobRegistry' of type [org.springframework.batch.core.configuration.support.MapJobRegistry] is not eligible for getting processed by all BeanPostProcessors (for example: not eligible for auto-proxying). Is this bean getting eagerly injected into a currently created BeanPostProcessor [jobRegistryBeanPostProcessor]? Check the corresponding BeanPostProcessor declaration and its dependencies.
2025-05-23 06:08:45.579 [main] INFO  org.springframework.boot.web.embedded.tomcat.TomcatWebServer [] [] [] - Tomcat initialized with port 8089 (http)
2025-05-23 06:08:45.582 [main] INFO  org.apache.coyote.http11.Http11NioProtocol [] [] [] - Initializing ProtocolHandler ["http-nio-8089"]
2025-05-23 06:08:45.583 [main] INFO  org.apache.catalina.core.StandardService [] [] [] - Starting service [Tomcat]
2025-05-23 06:08:45.583 [main] INFO  org.apache.catalina.core.StandardEngine [] [] [] - Starting Servlet engine: [Apache Tomcat/10.1.16]
2025-05-23 06:08:45.597 [main] INFO  org.apache.catalina.core.ContainerBase.[Tomcat].[localhost].[/] [] [] [] - Initializing Spring embedded WebApplicationContext
2025-05-23 06:08:45.598 [main] INFO  org.springframework.boot.web.servlet.context.ServletWebServerApplicationContext [] [] [] - Root WebApplicationContext: initialization completed in 361 ms
2025-05-23 06:08:45.646 [main] INFO  org.hibernate.jpa.internal.util.LogHelper [] [] [] - HHH000204: Processing PersistenceUnitInfo [name: default]
2025-05-23 06:08:45.666 [main] INFO  org.hibernate.Version [] [] [] - HHH000412: Hibernate ORM core version 6.3.1.Final
2025-05-23 06:08:45.677 [main] INFO  org.hibernate.cache.internal.RegionFactoryInitiator [] [] [] - HHH000026: Second-level cache disabled
2025-05-23 06:08:45.748 [main] INFO  org.springframework.orm.jpa.persistenceunit.SpringPersistenceUnitInfo [] [] [] - No LoadTimeWeaver setup: ignoring JPA class transformer
2025-05-23 06:08:45.755 [main] INFO  com.zaxxer.hikari.HikariDataSource [] [] [] - HikariPool-1 - Starting...
2025-05-23 06:08:45.831 [main] INFO  com.zaxxer.hikari.pool.HikariPool [] [] [] - HikariPool-1 - Added connection org.postgresql.jdbc.PgConnection@581918f6
2025-05-23 06:08:45.831 [main] INFO  com.zaxxer.hikari.HikariDataSource [] [] [] - HikariPool-1 - Start completed.
2025-05-23 06:08:45.844 [main] WARN  org.hibernate.orm.deprecation [] [] [] - HHH90000025: PostgreSQLDialect does not need to be specified explicitly using 'hibernate.dialect' (remove the property setting and it will be selected by default)
2025-05-23 06:08:46.093 [main] INFO  org.hibernate.engine.transaction.jta.platform.internal.JtaPlatformInitiator [] [] [] - HHH000489: No JTA platform available (set 'hibernate.transaction.jta.platform' to enable JTA platform integration)
2025-05-23 06:08:46.098 [main] DEBUG org.hibernate.SQL [] [] [] - 
    drop table if exists batch_log cascade
Hibernate: 
    drop table if exists batch_log cascade
2025-05-23 06:08:46.145 [main] DEBUG org.hibernate.SQL [] [] [] - 
    create table batch_log (
        created_at timestamp(6) not null,
        id bigserial not null,
        log_time timestamp(6) not null,
        log_level varchar(10),
        execution_id varchar(50) not null,
        job_name varchar(100),
        step_name varchar(100),
        thread_name varchar(100),
        logger_name varchar(200),
        additional_info TEXT,
        exception_stack TEXT,
        message TEXT,
        primary key (id)
    )
Hibernate: 
    create table batch_log (
        created_at timestamp(6) not null,
        id bigserial not null,
        log_time timestamp(6) not null,
        log_level varchar(10),
        execution_id varchar(50) not null,
        job_name varchar(100),
        step_name varchar(100),
        thread_name varchar(100),
        logger_name varchar(200),
        additional_info TEXT,
        exception_stack TEXT,
        message TEXT,
        primary key (id)
    )
2025-05-23 06:08:46.163 [main] INFO  org.springframework.orm.jpa.LocalContainerEntityManagerFactoryBean [] [] [] - Initialized JPA EntityManagerFactory for persistence unit 'default'
2025-05-23 06:08:46.264 [main] INFO  org.springframework.data.jpa.repository.query.QueryEnhancerFactory [] [] [] - Hibernate is in classpath; If applicable, HQL parser will be used.
2025-05-23 06:08:46.441 [main] INFO  org.springframework.batch.core.repository.support.JobRepositoryFactoryBean [] [] [] - No database type set, using meta data indicating: POSTGRES
2025-05-23 06:08:46.445 [main] INFO  org.springframework.batch.core.launch.support.SimpleJobLauncher [] [] [] - No TaskExecutor has been set, defaulting to synchronous executor.
2025-05-23 06:08:46.454 [main] INFO  org.springframework.batch.core.configuration.annotation.BatchObservabilityBeanPostProcessor [] [] [] - No Micrometer observation registry found, defaulting to ObservationRegistry.NOOP
2025-05-23 06:08:46.455 [main] INFO  org.springframework.batch.core.configuration.annotation.BatchObservabilityBeanPostProcessor [] [] [] - No Micrometer observation registry found, defaulting to ObservationRegistry.NOOP
2025-05-23 06:08:46.455 [main] INFO  org.springframework.batch.core.configuration.annotation.BatchObservabilityBeanPostProcessor [] [] [] - No Micrometer observation registry found, defaulting to ObservationRegistry.NOOP
2025-05-23 06:08:46.456 [main] INFO  org.springframework.batch.core.configuration.annotation.BatchObservabilityBeanPostProcessor [] [] [] - No Micrometer observation registry found, defaulting to ObservationRegistry.NOOP
2025-05-23 06:08:46.471 [main] WARN  org.springframework.boot.autoconfigure.orm.jpa.JpaBaseConfiguration$JpaWebConfiguration [] [] [] - spring.jpa.open-in-view is enabled by default. Therefore, database queries may be performed during view rendering. Explicitly configure spring.jpa.open-in-view to disable this warning
2025-05-23 06:08:46.560 [main] INFO  org.apache.coyote.http11.Http11NioProtocol [] [] [] - Starting ProtocolHandler ["http-nio-8089"]
2025-05-23 06:08:46.566 [main] INFO  org.springframework.boot.web.embedded.tomcat.TomcatWebServer [] [] [] - Tomcat started on port 8089 (http) with context path ''
2025-05-23 06:08:46.569 [main] INFO  cub.ret.tru.BatchLogSystemApplication [] [] [] - Started BatchLogSystemApplication in 1.444 seconds (process running for 1.691)
2025-05-23 06:08:46.570 [main] INFO  cub.ret.tru.batch.config.BatchLogConfig [] [] [] - DatabaseAppender å·²æˆåŠŸé…ç½® BatchLogService
[INFO] ------------------------------------------------------------------------
[INFO] BUILD FAILURE
[INFO] ------------------------------------------------------------------------
[INFO] Total time:  26.945 s
[INFO] Finished at: 2025-05-23T06:09:11+08:00
[INFO] ------------------------------------------------------------------------
[ERROR] Failed to execute goal org.springframework.boot:spring-boot-maven-plugin:3.2.0:run (default-cli) on project batch-log-system: Process terminated with exit code: 137 -> [Help 1]
[ERROR] 
[ERROR] To see the full stack trace of the errors, re-run Maven with the -e switch.
[ERROR] Re-run Maven using the -X switch to enable full debug logging.
[ERROR] 
[ERROR] For more information about the errors and possible solutions, please read the following articles:
[ERROR] [Help 1] http://cwiki.apache.org/confluence/display/MAVEN/MojoExecutionException
